0 info it worked if it ends with ok
1 verbose cli [ 'C:\\Program Files\\nodejs\\node.exe',
1 verbose cli   'C:\\Program Files\\nodejs\\node_modules\\npm\\bin\\npm-cli.js',
1 verbose cli   'start' ]
2 info using npm@3.10.10
3 info using node@v7.3.0
4 verbose run-script [ 'prestart', 'start', 'poststart' ]
5 info lifecycle aasri@1.0.0~prestart: aasri@1.0.0
6 silly lifecycle aasri@1.0.0~prestart: no script for prestart, continuing
7 info lifecycle aasri@1.0.0~start: aasri@1.0.0
8 verbose lifecycle aasri@1.0.0~start: unsafe-perm in lifecycle true
9 verbose lifecycle aasri@1.0.0~start: PATH: C:\Program Files\nodejs\node_modules\npm\bin\node-gyp-bin;E:\Work\ec2-54-144-92-48(Mongo and AngularJS)\work\erm-fe\node_modules\.bin;C:\Windows\system32;C:\Windows;C:\Windows\System32\Wbem;C:\Windows\System32\WindowsPowerShell\v1.0\;C:\Program Files (x86)\ATI Technologies\ATI.ACE\Core-Static;C:\Program Files (x86)\Skype\Phone\;C:\Program Files\Microsoft\Web Platform Installer\;C:\Program Files\Microsoft SQL Server\120\Tools\Binn\;E:\wamp\bin\php\php5.6.25;C:\ProgramData\ComposerSetup\bin;E:\wamp\bin\php\php7.0.10;E:\wamp\bin\php\php5.6.25;E:\wamp\bin\mysql\mysql5.7.14\bin;E:\wamp\bin\apache\apache2.4.23\bin;C:\Program Files\Microsoft SQL Server\130\Tools\Binn\;C:\Program Files\Git\cmd;C:\Program Files\Git\mingw64\bin;C:\Program Files\Git\usr\bin;C:\Program Files\nodejs\;C:\Program Files (x86)\PuTTY\;C:\Program Files\TortoiseSVN\bin;C:\Ruby23-x64\bin;C:\Users\I\AppData\Local\Microsoft\WindowsApps;C:\Users\I\AppData\Roaming\Composer\vendor\bin;C:\Users\I\AppData\Roaming\npm;C:\Program Files (x86)\Microsoft VS Code\bin;C:\Program Files\MongoDB\Server\3.4\bin;C:\Program Files (x86)\HMA! Pro VPN\bin
10 verbose lifecycle aasri@1.0.0~start: CWD: E:\Work\ec2-54-144-92-48(Mongo and AngularJS)\work\erm-fe
11 silly lifecycle aasri@1.0.0~start: Args: [ '/d /s /c', 'node app.js' ]
12 silly lifecycle aasri@1.0.0~start: Returned: code: 1  signal: null
13 info lifecycle aasri@1.0.0~start: Failed to exec start script
14 verbose stack Error: aasri@1.0.0 start: `node app.js`
14 verbose stack Exit status 1
14 verbose stack     at EventEmitter.<anonymous> (C:\Program Files\nodejs\node_modules\npm\lib\utils\lifecycle.js:255:16)
14 verbose stack     at emitTwo (events.js:106:13)
14 verbose stack     at EventEmitter.emit (events.js:191:7)
14 verbose stack     at ChildProcess.<anonymous> (C:\Program Files\nodejs\node_modules\npm\lib\utils\spawn.js:40:14)
14 verbose stack     at emitTwo (events.js:106:13)
14 verbose stack     at ChildProcess.emit (events.js:191:7)
14 verbose stack     at maybeClose (internal/child_process.js:885:16)
14 verbose stack     at Process.ChildProcess._handle.onexit (internal/child_process.js:226:5)
15 verbose pkgid aasri@1.0.0
16 verbose cwd E:\Work\ec2-54-144-92-48(Mongo and AngularJS)\work\erm-fe
17 error Windows_NT 10.0.14393
18 error argv "C:\\Program Files\\nodejs\\node.exe" "C:\\Program Files\\nodejs\\node_modules\\npm\\bin\\npm-cli.js" "start"
19 error node v7.3.0
20 error npm  v3.10.10
21 error code ELIFECYCLE
22 error aasri@1.0.0 start: `node app.js`
22 error Exit status 1
23 error Failed at the aasri@1.0.0 start script 'node app.js'.
23 error Make sure you have the latest version of node.js and npm installed.
23 error If you do, this is most likely a problem with the aasri package,
23 error not with npm itself.
23 error Tell the author that this fails on your system:
23 error     node app.js
23 error You can get information on how to open an issue for this project with:
23 error     npm bugs aasri
23 error Or if that isn't available, you can get their info via:
23 error     npm owner ls aasri
23 error There is likely additional logging output above.
24 verbose exit [ 1, true ]
