0 info it worked if it ends with ok
1 verbose cli [ 'C:\\Program Files\\nodejs\\node.exe',
1 verbose cli   'C:\\Users\\developer\\AppData\\Roaming\\npm\\node_modules\\npm\\bin\\npm-cli.js',
1 verbose cli   'start' ]
2 info using npm@4.0.3
3 info using node@v6.9.2
4 verbose run-script [ 'prestart', 'start', 'poststart' ]
5 info lifecycle aasri@1.0.0~prestart: aasri@1.0.0
6 silly lifecycle aasri@1.0.0~prestart: no script for prestart, continuing
7 info lifecycle aasri@1.0.0~start: aasri@1.0.0
8 verbose lifecycle aasri@1.0.0~start: unsafe-perm in lifecycle true
9 verbose lifecycle aasri@1.0.0~start: PATH: C:\Users\developer\AppData\Roaming\npm\node_modules\npm\bin\node-gyp-bin;F:\Work\erm-fe\node_modules\.bin;C:\ProgramData\Oracle\Java\javapath;C:\Windows\system32;C:\Windows;C:\Windows\System32\Wbem;C:\Windows\System32\WindowsPowerShell\v1.0\;C:\Program Files (x86)\ATI Technologies\ATI.ACE\Core-Static;C:\Program Files\Git\cmd;C:\Program Files (x86)\Microsoft Emulator Manager\1.0\;D:\sdk\platform-tools;D:\sdk\tools;C:\Program Files\nodejs\;C:\Program Files (x86)\Skype\Phone\;C:\Ruby23\bin;C:\Users\developer\AppData\Local\Microsoft\WindowsApps;;C:\Program Files (x86)\Microsoft VS Code\bin;C:\Users\developer\AppData\Roaming\npm
10 verbose lifecycle aasri@1.0.0~start: CWD: F:\Work\erm-fe
11 silly lifecycle aasri@1.0.0~start: Args: [ '/d /s /c', 'node app.js' ]
12 silly lifecycle aasri@1.0.0~start: Returned: code: 3221225786  signal: null
13 info lifecycle aasri@1.0.0~start: Failed to exec start script
14 verbose stack Error: aasri@1.0.0 start: `node app.js`
14 verbose stack Exit status 3221225786
14 verbose stack     at EventEmitter.<anonymous> (C:\Users\developer\AppData\Roaming\npm\node_modules\npm\lib\utils\lifecycle.js:279:16)
14 verbose stack     at emitTwo (events.js:106:13)
14 verbose stack     at EventEmitter.emit (events.js:191:7)
14 verbose stack     at ChildProcess.<anonymous> (C:\Users\developer\AppData\Roaming\npm\node_modules\npm\lib\utils\spawn.js:40:14)
14 verbose stack     at emitTwo (events.js:106:13)
14 verbose stack     at ChildProcess.emit (events.js:191:7)
14 verbose stack     at maybeClose (internal/child_process.js:877:16)
14 verbose stack     at Process.ChildProcess._handle.onexit (internal/child_process.js:226:5)
15 verbose pkgid aasri@1.0.0
16 verbose cwd F:\Work\erm-fe\public
17 error Windows_NT 10.0.14393
18 error argv "C:\\Program Files\\nodejs\\node.exe" "C:\\Users\\developer\\AppData\\Roaming\\npm\\node_modules\\npm\\bin\\npm-cli.js" "start"
19 error node v6.9.2
20 error npm  v4.0.3
21 error code ELIFECYCLE
22 error aasri@1.0.0 start: `node app.js`
22 error Exit status 3221225786
23 error Failed at the aasri@1.0.0 start script 'node app.js'.
23 error Make sure you have the latest version of node.js and npm installed.
23 error If you do, this is most likely a problem with the aasri package,
23 error not with npm itself.
23 error Tell the author that this fails on your system:
23 error     node app.js
23 error You can get information on how to open an issue for this project with:
23 error     npm bugs aasri
23 error Or if that isn't available, you can get their info via:
23 error     npm owner ls aasri
23 error There is likely additional logging output above.
24 verbose exit [ 1, true ]
